<?xml version="1.0" encoding="UTF-8"?>
<testng-results skipped="0" failed="2" ignored="0" total="4" passed="2">
  <reporter-output>
  </reporter-output>
  <suite name="Suite" duration-ms="17682" started-at="2018-12-17T07:05:57Z" finished-at="2018-12-17T07:06:15Z">
    <groups>
    </groups>
    <test name="Test" duration-ms="17682" started-at="2018-12-17T07:05:57Z" finished-at="2018-12-17T07:06:15Z">
      <class name="Tests.LoginPageTests">
        <test-method status="PASS" signature="launchBrowser(java.lang.String, java.lang.String)[pri:0, instance:Tests.LoginPageTests@1906517]" name="launchBrowser" is-config="true" duration-ms="9004" started-at="2018-12-17T07:05:57Z" finished-at="2018-12-17T07:06:06Z">
          <params>
            <param index="0">
              <value>
                <![CDATA[ch]]>
              </value>
            </param>
            <param index="1">
              <value>
                <![CDATA[http://96.84.175.78/MMP-Release2-Integrated-Build.6.8.000/portal/login.php]]>
              </value>
            </param>
          </params>
          <reporter-output>
          </reporter-output>
        </test-method> <!-- launchBrowser -->
        <test-method status="PASS" signature="verifyLoginSuccess(java.lang.String, java.lang.String)[pri:0, instance:Tests.LoginPageTests@1906517]" name="verifyLoginSuccess" duration-ms="6681" started-at="2018-12-17T07:06:06Z" finished-at="2018-12-17T07:06:13Z">
          <params>
            <param index="0">
              <value>
                <![CDATA[ria1]]>
              </value>
            </param>
            <param index="1">
              <value>
                <![CDATA[Ria12345]]>
              </value>
            </param>
          </params>
          <reporter-output>
          </reporter-output>
        </test-method> <!-- verifyLoginSuccess -->
        <test-method status="PASS" signature="verifyLoginUserName()[pri:1, instance:Tests.LoginPageTests@1906517]" name="verifyLoginUserName" duration-ms="122" started-at="2018-12-17T07:06:13Z" finished-at="2018-12-17T07:06:13Z">
          <reporter-output>
          </reporter-output>
        </test-method> <!-- verifyLoginUserName -->
        <test-method status="FAIL" signature="verifyInformationTab()[pri:2, instance:Tests.LoginPageTests@1906517]" name="verifyInformationTab" duration-ms="982" started-at="2018-12-17T07:06:13Z" finished-at="2018-12-17T07:06:14Z">
          <exception class="java.lang.AssertionError">
            <message>
              <![CDATA[expected [Information] but found [     Manage My Patient (MMP) is a medical practice management solution that boosts productivity by automating the day-to-day tasks that can slow an office manager down. Central delivers much more than medical billing software. Sure, it has the tools to help generate cleaner claims and reduce denials, but our easy-to-use practice management software also streamlines your workflow to deliver seamless handoffs across departments.

    Manage My Patient (MMP) becomes your practice’s command center, delivering robust, real-time analytics through customizable reports and dashboards to ensure you know how your business is performing on the metrics that matter most.]]]>
            </message>
            <full-stacktrace>
              <![CDATA[java.lang.AssertionError: expected [Information] but found [     Manage My Patient (MMP) is a medical practice management solution that boosts productivity by automating the day-to-day tasks that can slow an office manager down. Central delivers much more than medical billing software. Sure, it has the tools to help generate cleaner claims and reduce denials, but our easy-to-use practice management software also streamlines your workflow to deliver seamless handoffs across departments.

    Manage My Patient (MMP) becomes your practice’s command center, delivering robust, real-time analytics through customizable reports and dashboards to ensure you know how your business is performing on the metrics that matter most.]
at org.testng.Assert.fail(Assert.java:96)
at org.testng.Assert.failNotEquals(Assert.java:776)
at org.testng.Assert.assertEqualsImpl(Assert.java:137)
at org.testng.Assert.assertEquals(Assert.java:118)
at org.testng.Assert.assertEquals(Assert.java:453)
at org.testng.Assert.assertEquals(Assert.java:463)
at Tests.LoginPageTests.verifyInformationTab(LoginPageTests.java:46)
at sun.reflect.NativeMethodAccessorImpl.invoke0(Native Method)
at sun.reflect.NativeMethodAccessorImpl.invoke(NativeMethodAccessorImpl.java:62)
at sun.reflect.DelegatingMethodAccessorImpl.invoke(DelegatingMethodAccessorImpl.java:43)
at java.lang.reflect.Method.invoke(Method.java:498)
at org.testng.internal.MethodInvocationHelper.invokeMethod(MethodInvocationHelper.java:124)
at org.testng.internal.Invoker.invokeMethod(Invoker.java:583)
at org.testng.internal.Invoker.invokeTestMethod(Invoker.java:719)
at org.testng.internal.Invoker.invokeTestMethods(Invoker.java:989)
at org.testng.internal.TestMethodWorker.invokeTestMethods(TestMethodWorker.java:125)
at org.testng.internal.TestMethodWorker.run(TestMethodWorker.java:109)
at org.testng.TestRunner.privateRun(TestRunner.java:648)
at org.testng.TestRunner.run(TestRunner.java:505)
at org.testng.SuiteRunner.runTest(SuiteRunner.java:455)
at org.testng.SuiteRunner.runSequentially(SuiteRunner.java:450)
at org.testng.SuiteRunner.privateRun(SuiteRunner.java:415)
at org.testng.SuiteRunner.run(SuiteRunner.java:364)
at org.testng.SuiteRunnerWorker.runSuite(SuiteRunnerWorker.java:52)
at org.testng.SuiteRunnerWorker.run(SuiteRunnerWorker.java:84)
at org.testng.TestNG.runSuitesSequentially(TestNG.java:1208)
at org.testng.TestNG.runSuitesLocally(TestNG.java:1137)
at org.testng.TestNG.runSuites(TestNG.java:1049)
at org.testng.TestNG.run(TestNG.java:1017)
at org.testng.remote.AbstractRemoteTestNG.run(AbstractRemoteTestNG.java:114)
at org.testng.remote.RemoteTestNG.initAndRun(RemoteTestNG.java:251)
at org.testng.remote.RemoteTestNG.main(RemoteTestNG.java:77)
]]>
            </full-stacktrace>
          </exception> <!-- java.lang.AssertionError -->
          <reporter-output>
          </reporter-output>
        </test-method> <!-- verifyInformationTab -->
        <test-method status="FAIL" signature="verifySearchSymptomsTab()[pri:2, instance:Tests.LoginPageTests@1906517]" name="verifySearchSymptomsTab" duration-ms="837" started-at="2018-12-17T07:06:14Z" finished-at="2018-12-17T07:06:15Z">
          <exception class="java.lang.AssertionError">
            <message>
              <![CDATA[expected [Information] but found [What Symptoms are you experiencing?]]]>
            </message>
            <full-stacktrace>
              <![CDATA[java.lang.AssertionError: expected [Information] but found [What Symptoms are you experiencing?]
at org.testng.Assert.fail(Assert.java:96)
at org.testng.Assert.failNotEquals(Assert.java:776)
at org.testng.Assert.assertEqualsImpl(Assert.java:137)
at org.testng.Assert.assertEquals(Assert.java:118)
at org.testng.Assert.assertEquals(Assert.java:453)
at org.testng.Assert.assertEquals(Assert.java:463)
at Tests.LoginPageTests.verifySearchSymptomsTab(LoginPageTests.java:58)
at sun.reflect.NativeMethodAccessorImpl.invoke0(Native Method)
at sun.reflect.NativeMethodAccessorImpl.invoke(NativeMethodAccessorImpl.java:62)
at sun.reflect.DelegatingMethodAccessorImpl.invoke(DelegatingMethodAccessorImpl.java:43)
at java.lang.reflect.Method.invoke(Method.java:498)
at org.testng.internal.MethodInvocationHelper.invokeMethod(MethodInvocationHelper.java:124)
at org.testng.internal.Invoker.invokeMethod(Invoker.java:583)
at org.testng.internal.Invoker.invokeTestMethod(Invoker.java:719)
at org.testng.internal.Invoker.invokeTestMethods(Invoker.java:989)
at org.testng.internal.TestMethodWorker.invokeTestMethods(TestMethodWorker.java:125)
at org.testng.internal.TestMethodWorker.run(TestMethodWorker.java:109)
at org.testng.TestRunner.privateRun(TestRunner.java:648)
at org.testng.TestRunner.run(TestRunner.java:505)
at org.testng.SuiteRunner.runTest(SuiteRunner.java:455)
at org.testng.SuiteRunner.runSequentially(SuiteRunner.java:450)
at org.testng.SuiteRunner.privateRun(SuiteRunner.java:415)
at org.testng.SuiteRunner.run(SuiteRunner.java:364)
at org.testng.SuiteRunnerWorker.runSuite(SuiteRunnerWorker.java:52)
at org.testng.SuiteRunnerWorker.run(SuiteRunnerWorker.java:84)
at org.testng.TestNG.runSuitesSequentially(TestNG.java:1208)
at org.testng.TestNG.runSuitesLocally(TestNG.java:1137)
at org.testng.TestNG.runSuites(TestNG.java:1049)
at org.testng.TestNG.run(TestNG.java:1017)
at org.testng.remote.AbstractRemoteTestNG.run(AbstractRemoteTestNG.java:114)
at org.testng.remote.RemoteTestNG.initAndRun(RemoteTestNG.java:251)
at org.testng.remote.RemoteTestNG.main(RemoteTestNG.java:77)
]]>
            </full-stacktrace>
          </exception> <!-- java.lang.AssertionError -->
          <reporter-output>
          </reporter-output>
        </test-method> <!-- verifySearchSymptomsTab -->
        <test-method status="PASS" signature="closeBrowser()[pri:0, instance:Tests.LoginPageTests@1906517]" name="closeBrowser" is-config="true" duration-ms="0" started-at="2018-12-17T07:06:15Z" finished-at="2018-12-17T07:06:15Z">
          <reporter-output>
          </reporter-output>
        </test-method> <!-- closeBrowser -->
      </class> <!-- Tests.LoginPageTests -->
    </test> <!-- Test -->
  </suite> <!-- Suite -->
</testng-results>
